情報: Serverのバージョン名:     Apache Tomcat/10.0.23 [月 2月 27 13:32:32 JST 2023]
情報: Server ビルド:            Jul 14 2022 08:16:11 UTC [月 2月 27 13:32:32 JST 2023]
情報: サーバーのバージョン番号: 10.0.23.0 [月 2月 27 13:32:32 JST 2023]
情報: OS 名:                    Windows 10 [月 2月 27 13:32:32 JST 2023]
情報: OS バージョン:            10.0 [月 2月 27 13:32:32 JST 2023]
情報: アーキテクチャ:           amd64 [月 2月 27 13:32:32 JST 2023]
情報: Java Home:                C:\Users\Akari_OYAMA\OneDrive\ドキュメント\java\17 [月 2月 27 13:32:32 JST 2023]
情報: JVM バージョン:           17.0.4.1+1 [月 2月 27 13:32:32 JST 2023]
情報: JVM ベンダ:               Eclipse Adoptium [月 2月 27 13:32:32 JST 2023]
情報: CATALINA_BASE:            C:\LetsEngineer\curriculum\JavaStudy\.metadata\.plugins\org.eclipse.wst.server.core\tmp6 [月 2月 27 13:32:32 JST 2023]
情報: CATALINA_HOME:            C:\LetsEngineer\curriculum\JavaStudy\MVC_Task\apache-tomcat-10.0.23 [月 2月 27 13:32:32 JST 2023]
情報: コマンドライン引数:       -Dcatalina.base=C:\LetsEngineer\curriculum\JavaStudy\.metadata\.plugins\org.eclipse.wst.server.core\tmp6 [月 2月 27 13:32:32 JST 2023]
情報: コマンドライン引数:       -Dcatalina.home=C:\LetsEngineer\curriculum\JavaStudy\MVC_Task\apache-tomcat-10.0.23 [月 2月 27 13:32:32 JST 2023]
情報: コマンドライン引数:       -Dwtp.deploy=C:\LetsEngineer\curriculum\JavaStudy\.metadata\.plugins\org.eclipse.wst.server.core\tmp6\wtpwebapps [月 2月 27 13:32:32 JST 2023]
情報: コマンドライン引数:       --add-opens=java.base/java.lang=ALL-UNNAMED [月 2月 27 13:32:32 JST 2023]
情報: コマンドライン引数:       --add-opens=java.base/java.io=ALL-UNNAMED [月 2月 27 13:32:32 JST 2023]
情報: コマンドライン引数:       --add-opens=java.base/java.util=ALL-UNNAMED [月 2月 27 13:32:32 JST 2023]
情報: コマンドライン引数:       --add-opens=java.base/java.util.concurrent=ALL-UNNAMED [月 2月 27 13:32:32 JST 2023]
情報: コマンドライン引数:       --add-opens=java.rmi/sun.rmi.transport=ALL-UNNAMED [月 2月 27 13:32:32 JST 2023]
情報: コマンドライン引数:       -Dfile.encoding=UTF-8 [月 2月 27 13:32:32 JST 2023]
情報: コマンドライン引数:       -XX:+ShowCodeDetailsInExceptionMessages [月 2月 27 13:32:32 JST 2023]
情報: 商用環境に最適な性能を発揮する APR ベースの Tomcat ネイティブライブラリが java.library.path [C:\Users\Akari_OYAMA\OneDrive\ドキュメント\java\17\bin;C:\WINDOWS\Sun\Java\bin;C:\WINDOWS\system32;C:\WINDOWS;C:/Users/Akari_OYAMA/OneDrive/ドキュメント/java/17/bin/server;C:/Users/Akari_OYAMA/OneDrive/ドキュメント/java/17/bin;c:\program Files\Java\jdk-18_windows-x64\bin;C:\Program Files\Common Files\Oracle\Java\javapath;C:\LetsEngineer\curriculum\JavaStudy;C:\WINDOWS\system32;C:\WINDOWS;C:\WINDOWS\System32\Wbem;C:\WINDOWS\System32\WindowsPowerShell\v1.0\;C:\Program Files\Intel\WiFi\bin\;C:\Program Files\Common Files\Intel\WirelessCommon\;C:\WINDOWS\System32\OpenSSH\;C:\Program Files (x86)\Intel\Intel(R) Management Engine Components\DAL;C:\Program Files\Intel\Intel(R) Management Engine Components\DAL;C:\Program Files\Microsoft SQL Server\150\Tools\Binn\;C:\Program Files\Microsoft SQL Server\Client SDK\ODBC\170\Tools\Binn\;C:\Program Files\dotnet\;C:\Program Files (x86)\Microsoft SQL Server\150\Tools\Binn\;C:\Program Files\Microsoft SQL Server\150\DTS\Binn\;C:\Program Files\Java\jdk-14.0.2\bin;C:\Program Files\Java\jdk-14.0.2\bin;C:\program Files\jdk-18_windows-x64_bin;C:\Program Files\Git\cmd;C:\Program Files\MySQL\MySQL Shell 8.0\bin\;C:\Users\Akari_OYAMA\AppData\Local\Microsoft\WindowsApps;C:\Users\Akari_OYAMA\AppData\Local\Programs\Microsoft VS Code\bin;C:\Users\Akari_OYAMA\AppData\Local\GitHubDesktop\bin;C:\Users\Akari_OYAMA\OneDrive\デスクトップ\eclipse;;.] に存在しません。 [月 2月 27 13:32:32 JST 2023]
情報: プロトコルハンドラ ["http-nio-8080"] を初期化します。 [月 2月 27 13:32:33 JST 2023]
情報: サーバーの初期化 [1651]ms [月 2月 27 13:32:33 JST 2023]
情報: サービス [Catalina] を起動します [月 2月 27 13:32:33 JST 2023]
情報: サーブレットエンジンの起動：[Apache Tomcat/10.0.23] [月 2月 27 13:32:33 JST 2023]
警告: セッション ID を生成するための SecureRandom インスタンスの作成に [457] ミリ秒かかりました。アルゴリズムは [SHA1PRNG] です。 [月 2月 27 13:32:35 JST 2023]
情報: 少なくとも1つのJARでTLDをスキャンしましたが、TLDが含まれていませんでした。スキャンしたもののTLDが見つからなかったJARの完全なリストについては、このロガーのデバッグログを有効にしてください。スキャン中に不要なJARをスキップすると、起動時間とJSPのコンパイル時間が短縮されます。 [月 2月 27 13:32:36 JST 2023]
情報: 少なくとも1つのJARでTLDをスキャンしましたが、TLDが含まれていませんでした。スキャンしたもののTLDが見つからなかったJARの完全なリストについては、このロガーのデバッグログを有効にしてください。スキャン中に不要なJARをスキップすると、起動時間とJSPのコンパイル時間が短縮されます。 [月 2月 27 13:32:36 JST 2023]
情報: プロトコルハンドラー ["http-nio-8080"] を開始しました。 [月 2月 27 13:32:36 JST 2023]
情報: サーバーの起動 [4076]ms [月 2月 27 13:32:37 JST 2023]
[MEMORY:22343824][2023/02/27 01:32:38.462] [org.apache.jsp.login_jsp] [_jspService] [161] セッションなし
情報: サーブレット [employee] を利用不可能にマークします [月 2月 27 13:32:53 JST 2023]
重大: サーブレット [employee] に例外を割り当てます [月 2月 27 13:32:53 JST 2023]
[MEMORY:23704800][2023/02/27 01:44:33.331] [org.apache.jsp.login_jsp] [_jspService] [167] セッションあり
[MEMORY:23704800][2023/02/27 01:44:33.343] [org.apache.jsp.login_jsp] [_jspService] [188] message = 
情報: 有効なシャットダウンコマンドがシャットダウンポート経由で受信されました。 サーバーインスタンスを停止します。 [火 2月 28 22:07:02 JST 2023]
情報: ProtocolHandler ["http-nio-8080"] を一時停止します。 [火 2月 28 22:07:02 JST 2023]
情報: サービス [Catalina] を停止します [火 2月 28 22:07:03 JST 2023]
情報: ProtocolHandler ["http-nio-8080"]の停止中 [火 2月 28 22:07:03 JST 2023]
情報: ProtocolHandler ["http-nio-8080"] を破棄します。 [火 2月 28 22:07:03 JST 2023]
