情報: Serverのバージョン名:     Apache Tomcat/8.5.78 [水 2月 22 18:27:21 JST 2023]
情報: Server ビルド:            Mar 31 2022 16:05:28 UTC [水 2月 22 18:27:21 JST 2023]
情報: サーバーのバージョン番号: 8.5.78.0 [水 2月 22 18:27:21 JST 2023]
情報: OS 名:                    Windows 10 [水 2月 22 18:27:21 JST 2023]
情報: OS バージョン:            10.0 [水 2月 22 18:27:21 JST 2023]
情報: アーキテクチャ:           amd64 [水 2月 22 18:27:21 JST 2023]
情報: Java Home:                C:\Users\Akari_OYAMA\OneDrive\ドキュメント\java\17 [水 2月 22 18:27:21 JST 2023]
情報: JVM バージョン:           17.0.4.1+1 [水 2月 22 18:27:21 JST 2023]
情報: JVM ベンダ:               Eclipse Adoptium [水 2月 22 18:27:21 JST 2023]
情報: CATALINA_BASE:            C:\LetsEngineer\curriculum\JavaStudy\.metadata\.plugins\org.eclipse.wst.server.core\tmp4 [水 2月 22 18:27:21 JST 2023]
情報: CATALINA_HOME:            C:\LetsEngineer\curriculum\JavaStudy\MVC_Task\apache-tomcat-8.5.78 [水 2月 22 18:27:21 JST 2023]
情報: コマンドライン引数:       -Dcatalina.base=C:\LetsEngineer\curriculum\JavaStudy\.metadata\.plugins\org.eclipse.wst.server.core\tmp4 [水 2月 22 18:27:21 JST 2023]
情報: コマンドライン引数:       -Dcatalina.home=C:\LetsEngineer\curriculum\JavaStudy\MVC_Task\apache-tomcat-8.5.78 [水 2月 22 18:27:21 JST 2023]
情報: コマンドライン引数:       -Dwtp.deploy=C:\LetsEngineer\curriculum\JavaStudy\.metadata\.plugins\org.eclipse.wst.server.core\tmp4\wtpwebapps [水 2月 22 18:27:21 JST 2023]
情報: コマンドライン引数:       --add-opens=java.base/java.lang=ALL-UNNAMED [水 2月 22 18:27:21 JST 2023]
情報: コマンドライン引数:       --add-opens=java.base/java.io=ALL-UNNAMED [水 2月 22 18:27:21 JST 2023]
情報: コマンドライン引数:       --add-opens=java.base/java.util=ALL-UNNAMED [水 2月 22 18:27:21 JST 2023]
情報: コマンドライン引数:       --add-opens=java.base/java.util.concurrent=ALL-UNNAMED [水 2月 22 18:27:21 JST 2023]
情報: コマンドライン引数:       --add-opens=java.rmi/sun.rmi.transport=ALL-UNNAMED [水 2月 22 18:27:21 JST 2023]
情報: コマンドライン引数:       -Dfile.encoding=UTF-8 [水 2月 22 18:27:21 JST 2023]
情報: コマンドライン引数:       -XX:+ShowCodeDetailsInExceptionMessages [水 2月 22 18:27:21 JST 2023]
情報: 商用環境に最適な性能を発揮する APR ベースの Tomcat ネイティブライブラリが java.library.path [C:\Users\Akari_OYAMA\OneDrive\ドキュメント\java\17\bin;C:\WINDOWS\Sun\Java\bin;C:\WINDOWS\system32;C:\WINDOWS;C:/Users/Akari_OYAMA/OneDrive/ドキュメント/java/17/bin/server;C:/Users/Akari_OYAMA/OneDrive/ドキュメント/java/17/bin;c:\program Files\Java\jdk-18_windows-x64\bin;C:\Program Files\Common Files\Oracle\Java\javapath;C:\LetsEngineer\curriculum\JavaStudy;C:\WINDOWS\system32;C:\WINDOWS;C:\WINDOWS\System32\Wbem;C:\WINDOWS\System32\WindowsPowerShell\v1.0\;C:\Program Files\Intel\WiFi\bin\;C:\Program Files\Common Files\Intel\WirelessCommon\;C:\WINDOWS\System32\OpenSSH\;C:\Program Files (x86)\Intel\Intel(R) Management Engine Components\DAL;C:\Program Files\Intel\Intel(R) Management Engine Components\DAL;C:\Program Files\Microsoft SQL Server\150\Tools\Binn\;C:\Program Files\Microsoft SQL Server\Client SDK\ODBC\170\Tools\Binn\;C:\Program Files\dotnet\;C:\Program Files (x86)\Microsoft SQL Server\150\Tools\Binn\;C:\Program Files\Microsoft SQL Server\150\DTS\Binn\;C:\Program Files\Java\jdk-14.0.2\bin;C:\Program Files\Java\jdk-14.0.2\bin;C:\program Files\jdk-18_windows-x64_bin;C:\Program Files\Git\cmd;C:\Program Files\MySQL\MySQL Shell 8.0\bin\;C:\Users\Akari_OYAMA\AppData\Local\Microsoft\WindowsApps;C:\Users\Akari_OYAMA\AppData\Local\Programs\Microsoft VS Code\bin;C:\Users\Akari_OYAMA\AppData\Local\GitHubDesktop\bin;C:\Users\Akari_OYAMA\OneDrive\デスクトップ\eclipse;;.] に存在しません。 [水 2月 22 18:27:21 JST 2023]
情報: プロトコルハンドラ ["http-nio-8080"] を初期化します。 [水 2月 22 18:27:21 JST 2023]
情報: Initialization processed in 2541 ms [水 2月 22 18:27:21 JST 2023]
情報: サービス [Catalina] を起動します [水 2月 22 18:27:21 JST 2023]
情報: サーブレットエンジンの起動：[Apache Tomcat/8.5.78] [水 2月 22 18:27:21 JST 2023]
警告: セッション ID を生成するための SecureRandom インスタンスの作成に [127] ミリ秒かかりました。アルゴリズムは [SHA1PRNG] です。 [水 2月 22 18:27:23 JST 2023]
情報: 少なくとも1つのJARでTLDをスキャンしましたが、TLDが含まれていませんでした。スキャンしたもののTLDが見つからなかったJARの完全なリストについては、このロガーのデバッグログを有効にしてください。スキャン中に不要なJARをスキップすると、起動時間とJSPのコンパイル時間が短縮されます。 [水 2月 22 18:27:24 JST 2023]
情報: プロトコルハンドラー ["http-nio-8080"] を開始しました。 [水 2月 22 18:27:24 JST 2023]
情報: Server startup in 3594 ms [水 2月 22 18:27:25 JST 2023]
重大: パス [/MVC_Task] を持つコンテキスト内のサーブレット [jsp] のServlet.service() が例外 [JSPのクラスをコンパイルできません: 

JSPファイル: [/login.jsp] の中の [11] 行目でエラーが発生しました
Lambda expressions are allowed only at source level 1.8 or above
8: 
9: <%
10:     //リクエストより社員番号を取得: 関数型インターフェース（ラムダ式）
11:     Function<HttpServletRequest, Object[]> rmdGetResponseInfo = (rmdRequest) -> {
12:         // request: responseBean
13:         ResponseBean rb = (ResponseBean) request.getAttribute("responseBean");
14:         int requestStatus = 0;


Stacktrace:] が根本的要因と共に投げられました [水 2月 22 18:27:28 JST 2023]
